Traceback (most recent call last):
  File "/home/dhy/PhD/Sequence-VIB/run_experiment.py", line 442, in <module>
    main()
  File "/home/dhy/PhD/Sequence-VIB/run_experiment.py", line 438, in main
    runner.run()
  File "/home/dhy/PhD/Sequence-VIB/run_experiment.py", line 324, in run
    result = self._train_single_seed(seed)
  File "/home/dhy/PhD/Sequence-VIB/run_experiment.py", line 175, in _train_single_seed
    train_stats = train_one_epoch(model, train_loader, optimizer, self.device, dual_state, grad_clip)
  File "/home/dhy/PhD/Sequence-VIB/core/engine.py", line 51, in train_one_epoch
    outputs = model(batch)
  File "/home/dhy/anaconda3/envs/VIB/lib/python3.10/site-packages/torch/nn/modules/module.py", line 1775, in _wrapped_call_impl
    return self._call_impl(*args, **kwargs)
  File "/home/dhy/anaconda3/envs/VIB/lib/python3.10/site-packages/torch/nn/modules/module.py", line 1786, in _call_impl
    return forward_call(*args, **kwargs)
  File "/home/dhy/PhD/Sequence-VIB/models/mps_ssm.py", line 413, in forward
    pred_params = self.pred_head(final_state)
  File "/home/dhy/anaconda3/envs/VIB/lib/python3.10/site-packages/torch/nn/modules/module.py", line 1775, in _wrapped_call_impl
    return self._call_impl(*args, **kwargs)
  File "/home/dhy/anaconda3/envs/VIB/lib/python3.10/site-packages/torch/nn/modules/module.py", line 1786, in _call_impl
    return forward_call(*args, **kwargs)
  File "/home/dhy/anaconda3/envs/VIB/lib/python3.10/site-packages/torch/nn/modules/container.py", line 250, in forward
    input = module(input)
  File "/home/dhy/anaconda3/envs/VIB/lib/python3.10/site-packages/torch/nn/modules/module.py", line 1775, in _wrapped_call_impl
    return self._call_impl(*args, **kwargs)
  File "/home/dhy/anaconda3/envs/VIB/lib/python3.10/site-packages/torch/nn/modules/module.py", line 1786, in _call_impl
    return forward_call(*args, **kwargs)
  File "/home/dhy/anaconda3/envs/VIB/lib/python3.10/site-packages/torch/nn/modules/linear.py", line 134, in forward
    return F.linear(input, self.weight, self.bias)
RuntimeError: mat1 and mat2 shapes cannot be multiplied (32x256 and 64x256)
